[LOG] System::create                           : Header version = 2.00.06. Current version = 2.00.06.
[LOG] Manager::init                            : maxchannels = 256 studioflags = 00000006 flags 00000000 extradriverdata 0000000000000000.
[LOG] SystemI::init                            : Initialize version=20006 (106220), maxchannels=256, flags=0x00020000
[LOG] SystemI::setOutputInternal               : Setting output to 'FMOD WASAPI Output'
[LOG] OutputWASAPI::init                       : Mix Format (WAVEFORMATEX): wFormatTag=0xFFFE, nChannels=2, nSamplesPerSec=48000, nAvgBytesPerSec=384000, nBlockAlign=8, wBitsPerSample=32, cbSize=22.
[LOG] OutputWASAPI::init                       : Mix Format (WAVEFORMATEXTENSIBLE): wValidBitsPerSample=32, dwChannelMask=0x00000003, SubFormat=00000003-0000-0010-8000-00AA00389B71.
[LOG] OutputWASAPI::init                       : Output buffer size: 4096 samples, latency: 0.00ms, period: 10.00ms, DSP buffer: 1024 * 4
[LOG] Thread::initThread                       : Init FMOD stream thread. Priority: 2, Stack Size: 98304, Semaphore: No, Sleep Time: 10, Looping: Yes.
[LOG] Thread::initThread                       : Init FMOD mixer thread. Priority: 3, Stack Size: 81920, Semaphore: No, Sleep Time: 0, Looping: Yes.
[LOG] AsyncManager::init                       : manager 000001C366143948 isAsync 0 updatePeriod 0.02
[LOG] AsyncManager::init                       : done
[LOG] PlaybackSystem::init                     : 
[LOG] Thread::initThread                       : Init FMOD Studio sample load thread. Priority: 0, Stack Size: 98304, Semaphore: No, Sleep Time: 1, Looping: No.
[LOG] PlaybackSystem::init                     : done
[LOG] Thread::initThread                       : Init FMOD Studio bank load thread. Priority: 0, Stack Size: 98304, Semaphore: No, Sleep Time: 1, Looping: No.
[LOG] Manager::init                            : done.
[LOG] Manager::readBank                        : fileversion = 123, compatVersion = 119 (oldest = 44, newest = 123)
[LOG] Manager::readBank                        : fileversion = 123, compatVersion = 119 (oldest = 44, newest = 123)
[LOG] Manager::readBank                        : fileversion = 123, compatVersion = 119 (oldest = 44, newest = 123)
[LOG] PlaybackSystem::acquireMasterBus         : Setting master channel group format to 6
[LOG] Manager::readBank                        : fileversion = 123, compatVersion = 119 (oldest = 44, newest = 123)
[LOG] PlaybackSystem::acquireMasterBus         : Setting master channel group format to 6
[LOG] SystemI::createSoundInternal             : Create name='', mode=0x02000202
[LOG] SystemI::createSoundInternal             : exinfo->cbsize             = 224
[LOG] SystemI::createSoundInternal             : exinfo->length             = 1548576
[LOG] SystemI::createSoundInternal             : exinfo->fileoffset         = 36928
[LOG] SystemI::createSoundInternal             : exinfo->numsubsounds       = 1
[LOG] SystemI::createSoundInternal             : exinfo->inclusionlist      = 0000001D8ACCEEBC
[LOG] SystemI::createSoundInternal             : exinfo->inclusionlistnum   = 1
[LOG] SystemI::createSoundInternal             : exinfo->suggestedsoundtype = 5
[LOG] SystemI::createSoundInternal             : exinfo->useropen           = 00007FFFE03480A0
[LOG] SystemI::createSoundInternal             : exinfo->userclose          = 00007FFFE0348070
[LOG] SystemI::createSoundInternal             : exinfo->userread           = 00007FFFE0348170
[LOG] SystemI::createSoundInternal             : exinfo->userseek           = 00007FFFE0348230
[LOG] SystemI::createSoundInternal             : exinfo->fileuserdata       = 000001C5E9B979B8
[LOG] SystemI::createSoundInternal             : exinfo->initialseekpostype = 1
[LOG] SystemI::DSPCodecPoolRegister            : register codec pool for pool type 5
[LOG] SystemI::createSoundInternal             : Sample 0/1: name='Walk 1', format=2, channels=2, frequency=48000, lengthbytes=39936, lengthpcm=116224, pcmblocksize=0, loopstart=0, loopend=0, mode=0x00000000, channelmask=0x00000000, channelorder=0, peakvolume=0.534573.
[LOG] SystemI::createSoundInternal             : Create name='', mode=0x02000202
[LOG] SystemI::createSoundInternal             : exinfo->cbsize             = 224
[LOG] SystemI::createSoundInternal             : exinfo->length             = 1548576
[LOG] SystemI::createSoundInternal             : exinfo->fileoffset         = 36928
[LOG] SystemI::createSoundInternal             : exinfo->numsubsounds       = 1
[LOG] SystemI::createSoundInternal             : exinfo->inclusionlist      = 0000001D8ACCEEBC
[LOG] SystemI::createSoundInternal             : exinfo->inclusionlistnum   = 1
[LOG] SystemI::createSoundInternal             : exinfo->suggestedsoundtype = 5
[LOG] SystemI::createSoundInternal             : exinfo->useropen           = 00007FFFE03480A0
[LOG] SystemI::createSoundInternal             : exinfo->userclose          = 00007FFFE0348070
[LOG] SystemI::createSoundInternal             : exinfo->userread           = 00007FFFE0348170
[LOG] SystemI::createSoundInternal             : exinfo->userseek           = 00007FFFE0348230
[LOG] SystemI::createSoundInternal             : exinfo->fileuserdata       = 000001C5E9B979B8
[LOG] SystemI::createSoundInternal             : exinfo->initialseekpostype = 1
[LOG] SystemI::DSPCodecPoolRegister            : register codec pool for pool type 5
[LOG] SystemI::createSoundInternal             : Sample 0/1: name='Walk 2', format=2, channels=2, frequency=48000, lengthbytes=64160, lengthpcm=214939, pcmblocksize=0, loopstart=0, loopend=0, mode=0x00000000, channelmask=0x00000000, channelorder=0, peakvolume=0.623590.
[LOG] SoundI::release                          :  (000001C4F2FEFC48)
[LOG] SoundI::release                          :     Walk 2 (000001C5E9B81238)
[LOG] SoundI::release                          :  (000001C4F2FF0378)
[LOG] SoundI::release                          :     Walk 1 (000001C5E9B81098)
[LOG] Manager::readBank                        : fileversion = 123, compatVersion = 119 (oldest = 44, newest = 123)
[LOG] PlaybackSystem::acquireMasterBus         : Setting master channel group format to 6
[LOG] SystemI::createSoundInternal             : Create name='', mode=0x02000202
[LOG] SystemI::createSoundInternal             : exinfo->cbsize             = 224
[LOG] SystemI::createSoundInternal             : exinfo->length             = 1548576
[LOG] SystemI::createSoundInternal             : exinfo->fileoffset         = 36928
[LOG] SystemI::createSoundInternal             : exinfo->numsubsounds       = 1
[LOG] SystemI::createSoundInternal             : exinfo->inclusionlist      = 0000001D8ACCEEBC
[LOG] SystemI::createSoundInternal             : exinfo->inclusionlistnum   = 1
[LOG] SystemI::createSoundInternal             : exinfo->suggestedsoundtype = 5
[LOG] SystemI::createSoundInternal             : exinfo->useropen           = 00007FFFE03480A0
[LOG] SystemI::createSoundInternal             : exinfo->userclose          = 00007FFFE0348070
[LOG] SystemI::createSoundInternal             : exinfo->userread           = 00007FFFE0348170
[LOG] SystemI::createSoundInternal             : exinfo->userseek           = 00007FFFE0348230
[LOG] SystemI::createSoundInternal             : exinfo->fileuserdata       = 000001C5E9B9E4F8
[LOG] SystemI::createSoundInternal             : exinfo->initialseekpostype = 1
[LOG] SystemI::DSPCodecPoolRegister            : register codec pool for pool type 5
[LOG] SystemI::createSoundInternal             : Sample 0/1: name='Walk 1', format=2, channels=2, frequency=48000, lengthbytes=39936, lengthpcm=116224, pcmblocksize=0, loopstart=0, loopend=0, mode=0x00000000, channelmask=0x00000000, channelorder=0, peakvolume=0.534573.
[LOG] SystemI::createSoundInternal             : Create name='', mode=0x02000202
[LOG] SystemI::createSoundInternal             : exinfo->cbsize             = 224
[LOG] SystemI::createSoundInternal             : exinfo->length             = 1548576
[LOG] SystemI::createSoundInternal             : exinfo->fileoffset         = 36928
[LOG] SystemI::createSoundInternal             : exinfo->numsubsounds       = 1
[LOG] SystemI::createSoundInternal             : exinfo->inclusionlist      = 0000001D8ACCEEBC
[LOG] SystemI::createSoundInternal             : exinfo->inclusionlistnum   = 1
[LOG] SystemI::createSoundInternal             : exinfo->suggestedsoundtype = 5
[LOG] SystemI::createSoundInternal             : exinfo->useropen           = 00007FFFE03480A0
[LOG] SystemI::createSoundInternal             : exinfo->userclose          = 00007FFFE0348070
[LOG] SystemI::createSoundInternal             : exinfo->userread           = 00007FFFE0348170
[LOG] SystemI::createSoundInternal             : exinfo->userseek           = 00007FFFE0348230
[LOG] SystemI::createSoundInternal             : exinfo->fileuserdata       = 000001C5E9B9E4F8
[LOG] SystemI::createSoundInternal             : exinfo->initialseekpostype = 1
[LOG] SystemI::DSPCodecPoolRegister            : register codec pool for pool type 5
[LOG] SystemI::createSoundInternal             : Sample 0/1: name='Walk 2', format=2, channels=2, frequency=48000, lengthbytes=64160, lengthpcm=214939, pcmblocksize=0, loopstart=0, loopend=0, mode=0x00000000, channelmask=0x00000000, channelorder=0, peakvolume=0.623590.
[LOG] SoundI::release                          :  (000001C4F2FEFDB8)
[LOG] SoundI::release                          :     Walk 2 (000001C5E99F1938)
[LOG] SoundI::release                          :  (000001C4F2FEFC48)
[LOG] SoundI::release                          :     Walk 1 (000001C5E99F1E18)
[LOG] Manager::readBank                        : fileversion = 123, compatVersion = 119 (oldest = 44, newest = 123)
[LOG] PlaybackSystem::acquireMasterBus         : Setting master channel group format to 6
[LOG] SystemI::createSoundInternal             : Create name='', mode=0x02000202
[LOG] SystemI::createSoundInternal             : exinfo->cbsize             = 224
[LOG] SystemI::createSoundInternal             : exinfo->length             = 1548576
[LOG] SystemI::createSoundInternal             : exinfo->fileoffset         = 36928
[LOG] SystemI::createSoundInternal             : exinfo->numsubsounds       = 1
[LOG] SystemI::createSoundInternal             : exinfo->inclusionlist      = 0000001D8ACCEEBC
[LOG] SystemI::createSoundInternal             : exinfo->inclusionlistnum   = 1
[LOG] SystemI::createSoundInternal             : exinfo->suggestedsoundtype = 5
[LOG] SystemI::createSoundInternal             : exinfo->useropen           = 00007FFFE03480A0
[LOG] SystemI::createSoundInternal             : exinfo->userclose          = 00007FFFE0348070
[LOG] SystemI::createSoundInternal             : exinfo->userread           = 00007FFFE0348170
[LOG] SystemI::createSoundInternal             : exinfo->userseek           = 00007FFFE0348230
[LOG] SystemI::createSoundInternal             : exinfo->fileuserdata       = 000001C5E9B96D58
[LOG] SystemI::createSoundInternal             : exinfo->initialseekpostype = 1
[LOG] SystemI::DSPCodecPoolRegister            : register codec pool for pool type 5
[LOG] SystemI::createSoundInternal             : Sample 0/1: name='Walk 1', format=2, channels=2, frequency=48000, lengthbytes=39936, lengthpcm=116224, pcmblocksize=0, loopstart=0, loopend=0, mode=0x00000000, channelmask=0x00000000, channelorder=0, peakvolume=0.534573.
[LOG] SystemI::createSoundInternal             : Create name='', mode=0x02000202
[LOG] SystemI::createSoundInternal             : exinfo->cbsize             = 224
[LOG] SystemI::createSoundInternal             : exinfo->length             = 1548576
[LOG] SystemI::createSoundInternal             : exinfo->fileoffset         = 36928
[LOG] SystemI::createSoundInternal             : exinfo->numsubsounds       = 1
[LOG] SystemI::createSoundInternal             : exinfo->inclusionlist      = 0000001D8ACCEEBC
[LOG] SystemI::createSoundInternal             : exinfo->inclusionlistnum   = 1
[LOG] SystemI::createSoundInternal             : exinfo->suggestedsoundtype = 5
[LOG] SystemI::createSoundInternal             : exinfo->useropen           = 00007FFFE03480A0
[LOG] SystemI::createSoundInternal             : exinfo->userclose          = 00007FFFE0348070
[LOG] SystemI::createSoundInternal             : exinfo->userread           = 00007FFFE0348170
[LOG] SystemI::createSoundInternal             : exinfo->userseek           = 00007FFFE0348230
[LOG] SystemI::createSoundInternal             : exinfo->fileuserdata       = 000001C5E9B96D58
[LOG] SystemI::createSoundInternal             : exinfo->initialseekpostype = 1
[LOG] SystemI::DSPCodecPoolRegister            : register codec pool for pool type 5
[LOG] SystemI::createSoundInternal             : Sample 0/1: name='Walk 2', format=2, channels=2, frequency=48000, lengthbytes=64160, lengthpcm=214939, pcmblocksize=0, loopstart=0, loopend=0, mode=0x00000000, channelmask=0x00000000, channelorder=0, peakvolume=0.623590.
[LOG] SoundI::release                          :  (000001C4F2FEFDB8)
[LOG] SoundI::release                          :     Walk 2 (000001C5E99D5018)
[LOG] SoundI::release                          :  (000001C4F2FEFC48)
[LOG] SoundI::release                          :     Walk 1 (000001C5E99D54F8)
[LOG] Manager::readBank                        : fileversion = 123, compatVersion = 119 (oldest = 44, newest = 123)
[LOG] PlaybackSystem::acquireMasterBus         : Setting master channel group format to 6
[LOG] SystemI::createSoundInternal             : Create name='', mode=0x02000202
[LOG] SystemI::createSoundInternal             : exinfo->cbsize             = 224
[LOG] SystemI::createSoundInternal             : exinfo->length             = 1548576
[LOG] SystemI::createSoundInternal             : exinfo->fileoffset         = 36928
[LOG] SystemI::createSoundInternal             : exinfo->numsubsounds       = 1
[LOG] SystemI::createSoundInternal             : exinfo->inclusionlist      = 0000001D8ACCEEBC
[LOG] SystemI::createSoundInternal             : exinfo->inclusionlistnum   = 1
[LOG] SystemI::createSoundInternal             : exinfo->suggestedsoundtype = 5
[LOG] SystemI::createSoundInternal             : exinfo->useropen           = 00007FFFE03480A0
[LOG] SystemI::createSoundInternal             : exinfo->userclose          = 00007FFFE0348070
[LOG] SystemI::createSoundInternal             : exinfo->userread           = 00007FFFE0348170
[LOG] SystemI::createSoundInternal             : exinfo->userseek           = 00007FFFE0348230
[LOG] SystemI::createSoundInternal             : exinfo->fileuserdata       = 000001C5E9B9A0E8
[LOG] SystemI::createSoundInternal             : exinfo->initialseekpostype = 1
[LOG] SystemI::DSPCodecPoolRegister            : register codec pool for pool type 5
[LOG] SystemI::createSoundInternal             : Sample 0/1: name='Walk 1', format=2, channels=2, frequency=48000, lengthbytes=39936, lengthpcm=116224, pcmblocksize=0, loopstart=0, loopend=0, mode=0x00000000, channelmask=0x00000000, channelorder=0, peakvolume=0.534573.
[LOG] SystemI::createSoundInternal             : Create name='', mode=0x02000202
[LOG] SystemI::createSoundInternal             : exinfo->cbsize             = 224
[LOG] SystemI::createSoundInternal             : exinfo->length             = 1548576
[LOG] SystemI::createSoundInternal             : exinfo->fileoffset         = 36928
[LOG] SystemI::createSoundInternal             : exinfo->numsubsounds       = 1
[LOG] SystemI::createSoundInternal             : exinfo->inclusionlist      = 0000001D8ACCEEBC
[LOG] SystemI::createSoundInternal             : exinfo->inclusionlistnum   = 1
[LOG] SystemI::createSoundInternal             : exinfo->suggestedsoundtype = 5
[LOG] SystemI::createSoundInternal             : exinfo->useropen           = 00007FFFE03480A0
[LOG] SystemI::createSoundInternal             : exinfo->userclose          = 00007FFFE0348070
[LOG] SystemI::createSoundInternal             : exinfo->userread           = 00007FFFE0348170
[LOG] SystemI::createSoundInternal             : exinfo->userseek           = 00007FFFE0348230
[LOG] SystemI::createSoundInternal             : exinfo->fileuserdata       = 000001C5E9B9A0E8
[LOG] SystemI::createSoundInternal             : exinfo->initialseekpostype = 1
[LOG] SystemI::DSPCodecPoolRegister            : register codec pool for pool type 5
[LOG] SystemI::createSoundInternal             : Sample 0/1: name='Walk 2', format=2, channels=2, frequency=48000, lengthbytes=64160, lengthpcm=214939, pcmblocksize=0, loopstart=0, loopend=0, mode=0x00000000, channelmask=0x00000000, channelorder=0, peakvolume=0.623590.
[LOG] SoundI::release                          :  (000001C4F2FEFC48)
[LOG] SoundI::release                          :     Walk 2 (000001C5E99D51B8)
[LOG] SoundI::release                          :  (000001C4F2FEBB98)
[LOG] SoundI::release                          :     Walk 1 (000001C5E99D54F8)
[LOG] Manager::readBank                        : fileversion = 123, compatVersion = 119 (oldest = 44, newest = 123)
[LOG] PlaybackSystem::acquireMasterBus         : Setting master channel group format to 6
[LOG] SystemI::createSoundInternal             : Create name='', mode=0x02000202
[LOG] SystemI::createSoundInternal             : exinfo->cbsize             = 224
[LOG] SystemI::createSoundInternal             : exinfo->length             = 1548576
[LOG] SystemI::createSoundInternal             : exinfo->fileoffset         = 36928
[LOG] SystemI::createSoundInternal             : exinfo->numsubsounds       = 1
[LOG] SystemI::createSoundInternal             : exinfo->inclusionlist      = 0000001D8ACCEEBC
[LOG] SystemI::createSoundInternal             : exinfo->inclusionlistnum   = 1
[LOG] SystemI::createSoundInternal             : exinfo->suggestedsoundtype = 5
[LOG] SystemI::createSoundInternal             : exinfo->useropen           = 00007FFFE03480A0
[LOG] SystemI::createSoundInternal             : exinfo->userclose          = 00007FFFE0348070
[LOG] SystemI::createSoundInternal             : exinfo->userread           = 00007FFFE0348170
[LOG] SystemI::createSoundInternal             : exinfo->userseek           = 00007FFFE0348230
[LOG] SystemI::createSoundInternal             : exinfo->fileuserdata       = 000001C5E9B98618
[LOG] SystemI::createSoundInternal             : exinfo->initialseekpostype = 1
[LOG] SystemI::DSPCodecPoolRegister            : register codec pool for pool type 5
[LOG] SystemI::createSoundInternal             : Sample 0/1: name='Walk 1', format=2, channels=2, frequency=48000, lengthbytes=39936, lengthpcm=116224, pcmblocksize=0, loopstart=0, loopend=0, mode=0x00000000, channelmask=0x00000000, channelorder=0, peakvolume=0.534573.
[LOG] SystemI::createSoundInternal             : Create name='', mode=0x02000202
[LOG] SystemI::createSoundInternal             : exinfo->cbsize             = 224
[LOG] SystemI::createSoundInternal             : exinfo->length             = 1548576
[LOG] SystemI::createSoundInternal             : exinfo->fileoffset         = 36928
[LOG] SystemI::createSoundInternal             : exinfo->numsubsounds       = 1
[LOG] SystemI::createSoundInternal             : exinfo->inclusionlist      = 0000001D8ACCEEBC
[LOG] SystemI::createSoundInternal             : exinfo->inclusionlistnum   = 1
[LOG] SystemI::createSoundInternal             : exinfo->suggestedsoundtype = 5
[LOG] SystemI::createSoundInternal             : exinfo->useropen           = 00007FFFE03480A0
[LOG] SystemI::createSoundInternal             : exinfo->userclose          = 00007FFFE0348070
[LOG] SystemI::createSoundInternal             : exinfo->userread           = 00007FFFE0348170
[LOG] SystemI::createSoundInternal             : exinfo->userseek           = 00007FFFE0348230
[LOG] SystemI::createSoundInternal             : exinfo->fileuserdata       = 000001C5E9B98618
[LOG] SystemI::createSoundInternal             : exinfo->initialseekpostype = 1
[LOG] SystemI::DSPCodecPoolRegister            : register codec pool for pool type 5
[LOG] SystemI::createSoundInternal             : Sample 0/1: name='Walk 2', format=2, channels=2, frequency=48000, lengthbytes=64160, lengthpcm=214939, pcmblocksize=0, loopstart=0, loopend=0, mode=0x00000000, channelmask=0x00000000, channelorder=0, peakvolume=0.623590.
[LOG] SoundI::release                          :  (000001C4F2FEFC48)
[LOG] SoundI::release                          :     Walk 2 (000001C5E99D54F8)
[LOG] SoundI::release                          :  (000001C4F2FF0C18)
[LOG] SoundI::release                          :     Walk 1 (000001C5E99D5358)
[LOG] Thread::callback                         : FMOD Studio bank load thread finished.
[LOG] Thread::callback                         : FMOD Studio sample load thread finished.
[LOG] LiveUpdate::release                      : 
[LOG] LiveUpdate::reset                        : Reset connection (reason Disconnected)
[LOG] Thread::callback                         : FMOD stream thread finished.
[LOG] Thread::callback                         : FMOD mixer thread finished.
[LOG] SystemI::close                           : Closed.
